
> frontend@0.1.0 start
> react-scripts start

(node:12508) [DEP_WEBPACK_DEV_SERVER_ON_AFTER_SETUP_MIDDLEWARE] DeprecationWarning: 'onAfterSetupMiddleware' option is deprecated. Please use the 'setupMiddlewares' option.
(Use `node --trace-deprecation ...` to show where the warning was created)
(node:12508) [DEP_WEBPACK_DEV_SERVER_ON_BEFORE_SETUP_MIDDLEWARE] DeprecationWarning: 'onBeforeSetupMiddleware' option is deprecated. Please use the 'setupMiddlewares' option.
Starting the development server...

Compiled with warnings.

[eslint] 
src\api\axios.js
  Line 137:32:  Unnecessary escape character: \"  no-useless-escape
  Line 137:41:  Unnecessary escape character: \"  no-useless-escape
  Line 137:46:  Unnecessary escape character: \"  no-useless-escape

src\pages\AuditLogPage.jsx
  Line 80:11:  'fetchExportQuota' is assigned a value but never used  no-unused-vars
  Line 82:19:  'res' is assigned a value but never used               no-unused-vars
  Line 85:19:  'r' is assigned a value but never used                 no-unused-vars

Search for the keywords to learn more about each warning.
To ignore, add // eslint-disable-next-line to the line before.

[1m[33mWARNING[39m[22m in [1m[eslint] 
src\api\axios.js
  Line 137:32:  Unnecessary escape character: \"  no-useless-escape
  Line 137:41:  Unnecessary escape character: \"  no-useless-escape
  Line 137:46:  Unnecessary escape character: \"  no-useless-escape

src\pages\AuditLogPage.jsx
  Line 80:11:  'fetchExportQuota' is assigned a value but never used  no-unused-vars
  Line 82:19:  'res' is assigned a value but never used               no-unused-vars
  Line 85:19:  'r' is assigned a value but never used                 no-unused-vars

[39m[22m

webpack compiled with [1m[33m1 warning[39m[22m
Compiling...
Compiled with warnings.

[eslint] 
src\api\axios.js
  Line 137:32:  Unnecessary escape character: \"  no-useless-escape
  Line 137:41:  Unnecessary escape character: \"  no-useless-escape
  Line 137:46:  Unnecessary escape character: \"  no-useless-escape

src\pages\AuditLogPage.jsx
  Line 80:11:  'fetchExportQuota' is assigned a value but never used  no-unused-vars
  Line 82:19:  'res' is assigned a value but never used               no-unused-vars
  Line 85:19:  'r' is assigned a value but never used                 no-unused-vars

Search for the keywords to learn more about each warning.
To ignore, add // eslint-disable-next-line to the line before.

[1m[33mWARNING[39m[22m in [1m[eslint] 
src\api\axios.js
  Line 137:32:  Unnecessary escape character: \"  no-useless-escape
  Line 137:41:  Unnecessary escape character: \"  no-useless-escape
  Line 137:46:  Unnecessary escape character: \"  no-useless-escape

src\pages\AuditLogPage.jsx
  Line 80:11:  'fetchExportQuota' is assigned a value but never used  no-unused-vars
  Line 82:19:  'res' is assigned a value but never used               no-unused-vars
  Line 85:19:  'r' is assigned a value but never used                 no-unused-vars

[39m[22m

webpack compiled with [1m[33m1 warning[39m[22m
Compiling...
Compiled with warnings.

[eslint] 
src\api\axios.js
  Line 137:32:  Unnecessary escape character: \"  no-useless-escape
  Line 137:41:  Unnecessary escape character: \"  no-useless-escape
  Line 137:46:  Unnecessary escape character: \"  no-useless-escape

src\pages\AuditLogPage.jsx
  Line 80:11:  'fetchExportQuota' is assigned a value but never used  no-unused-vars
  Line 82:19:  'res' is assigned a value but never used               no-unused-vars
  Line 85:19:  'r' is assigned a value but never used                 no-unused-vars

Search for the keywords to learn more about each warning.
To ignore, add // eslint-disable-next-line to the line before.

[1m[33mWARNING[39m[22m in [1m[eslint] 
src\api\axios.js
  Line 137:32:  Unnecessary escape character: \"  no-useless-escape
  Line 137:41:  Unnecessary escape character: \"  no-useless-escape
  Line 137:46:  Unnecessary escape character: \"  no-useless-escape

src\pages\AuditLogPage.jsx
  Line 80:11:  'fetchExportQuota' is assigned a value but never used  no-unused-vars
  Line 82:19:  'res' is assigned a value but never used               no-unused-vars
  Line 85:19:  'r' is assigned a value but never used                 no-unused-vars

[39m[22m

webpack compiled with [1m[33m1 warning[39m[22m
Compiling...
Compiled with warnings.

[eslint] 
src\api\axios.js
  Line 137:32:  Unnecessary escape character: \"  no-useless-escape
  Line 137:41:  Unnecessary escape character: \"  no-useless-escape
  Line 137:46:  Unnecessary escape character: \"  no-useless-escape

src\pages\AuditLogPage.jsx
  Line 80:11:  'fetchExportQuota' is assigned a value but never used  no-unused-vars
  Line 82:19:  'res' is assigned a value but never used               no-unused-vars
  Line 85:19:  'r' is assigned a value but never used                 no-unused-vars

Search for the keywords to learn more about each warning.
To ignore, add // eslint-disable-next-line to the line before.

[1m[33mWARNING[39m[22m in [1m[eslint] 
src\api\axios.js
  Line 137:32:  Unnecessary escape character: \"  no-useless-escape
  Line 137:41:  Unnecessary escape character: \"  no-useless-escape
  Line 137:46:  Unnecessary escape character: \"  no-useless-escape

src\pages\AuditLogPage.jsx
  Line 80:11:  'fetchExportQuota' is assigned a value but never used  no-unused-vars
  Line 82:19:  'res' is assigned a value but never used               no-unused-vars
  Line 85:19:  'r' is assigned a value but never used                 no-unused-vars

[39m[22m

webpack compiled with [1m[33m1 warning[39m[22m
Compiling...
Compiled with warnings.

[eslint] 
src\api\axios.js
  Line 137:32:  Unnecessary escape character: \"  no-useless-escape
  Line 137:41:  Unnecessary escape character: \"  no-useless-escape
  Line 137:46:  Unnecessary escape character: \"  no-useless-escape

src\pages\AuditLogPage.jsx
  Line 80:11:  'fetchExportQuota' is assigned a value but never used  no-unused-vars
  Line 82:19:  'res' is assigned a value but never used               no-unused-vars
  Line 85:19:  'r' is assigned a value but never used                 no-unused-vars

Search for the keywords to learn more about each warning.
To ignore, add // eslint-disable-next-line to the line before.

[1m[33mWARNING[39m[22m in [1m[eslint] 
src\api\axios.js
  Line 137:32:  Unnecessary escape character: \"  no-useless-escape
  Line 137:41:  Unnecessary escape character: \"  no-useless-escape
  Line 137:46:  Unnecessary escape character: \"  no-useless-escape

src\pages\AuditLogPage.jsx
  Line 80:11:  'fetchExportQuota' is assigned a value but never used  no-unused-vars
  Line 82:19:  'res' is assigned a value but never used               no-unused-vars
  Line 85:19:  'r' is assigned a value but never used                 no-unused-vars

[39m[22m

webpack compiled with [1m[33m1 warning[39m[22m
Compiling...
Compiled with warnings.

[eslint] 
src\api\axios.js
  Line 137:32:  Unnecessary escape character: \"  no-useless-escape
  Line 137:41:  Unnecessary escape character: \"  no-useless-escape
  Line 137:46:  Unnecessary escape character: \"  no-useless-escape

src\pages\AuditLogPage.jsx
  Line 80:11:  'fetchExportQuota' is assigned a value but never used  no-unused-vars
  Line 82:19:  'res' is assigned a value but never used               no-unused-vars
  Line 85:19:  'r' is assigned a value but never used                 no-unused-vars

Search for the keywords to learn more about each warning.
To ignore, add // eslint-disable-next-line to the line before.

[1m[33mWARNING[39m[22m in [1m[eslint] 
src\api\axios.js
  Line 137:32:  Unnecessary escape character: \"  no-useless-escape
  Line 137:41:  Unnecessary escape character: \"  no-useless-escape
  Line 137:46:  Unnecessary escape character: \"  no-useless-escape

src\pages\AuditLogPage.jsx
  Line 80:11:  'fetchExportQuota' is assigned a value but never used  no-unused-vars
  Line 82:19:  'res' is assigned a value but never used               no-unused-vars
  Line 85:19:  'r' is assigned a value but never used                 no-unused-vars

[39m[22m

webpack compiled with [1m[33m1 warning[39m[22m
Compiling...
Compiled with warnings.

[eslint] 
src\api\axios.js
  Line 137:32:  Unnecessary escape character: \"  no-useless-escape
  Line 137:41:  Unnecessary escape character: \"  no-useless-escape
  Line 137:46:  Unnecessary escape character: \"  no-useless-escape

src\pages\AuditLogPage.jsx
  Line 80:11:  'fetchExportQuota' is assigned a value but never used  no-unused-vars
  Line 82:19:  'res' is assigned a value but never used               no-unused-vars
  Line 85:19:  'r' is assigned a value but never used                 no-unused-vars

Search for the keywords to learn more about each warning.
To ignore, add // eslint-disable-next-line to the line before.

[1m[33mWARNING[39m[22m in [1m[eslint] 
src\api\axios.js
  Line 137:32:  Unnecessary escape character: \"  no-useless-escape
  Line 137:41:  Unnecessary escape character: \"  no-useless-escape
  Line 137:46:  Unnecessary escape character: \"  no-useless-escape

src\pages\AuditLogPage.jsx
  Line 80:11:  'fetchExportQuota' is assigned a value but never used  no-unused-vars
  Line 82:19:  'res' is assigned a value but never used               no-unused-vars
  Line 85:19:  'r' is assigned a value but never used                 no-unused-vars

[39m[22m

webpack compiled with [1m[33m1 warning[39m[22m
Compiling...
Compiled with warnings.

[eslint] 
src\api\axios.js
  Line 137:32:  Unnecessary escape character: \"  no-useless-escape
  Line 137:41:  Unnecessary escape character: \"  no-useless-escape
  Line 137:46:  Unnecessary escape character: \"  no-useless-escape

src\pages\AuditLogPage.jsx
  Line 80:11:  'fetchExportQuota' is assigned a value but never used  no-unused-vars
  Line 82:19:  'res' is assigned a value but never used               no-unused-vars
  Line 85:19:  'r' is assigned a value but never used                 no-unused-vars

Search for the keywords to learn more about each warning.
To ignore, add // eslint-disable-next-line to the line before.

[1m[33mWARNING[39m[22m in [1m[eslint] 
src\api\axios.js
  Line 137:32:  Unnecessary escape character: \"  no-useless-escape
  Line 137:41:  Unnecessary escape character: \"  no-useless-escape
  Line 137:46:  Unnecessary escape character: \"  no-useless-escape

src\pages\AuditLogPage.jsx
  Line 80:11:  'fetchExportQuota' is assigned a value but never used  no-unused-vars
  Line 82:19:  'res' is assigned a value but never used               no-unused-vars
  Line 85:19:  'r' is assigned a value but never used                 no-unused-vars

[39m[22m

webpack compiled with [1m[33m1 warning[39m[22m
Compiling...
Compiled with warnings.

[eslint] 
src\api\axios.js
  Line 137:32:  Unnecessary escape character: \"  no-useless-escape
  Line 137:41:  Unnecessary escape character: \"  no-useless-escape
  Line 137:46:  Unnecessary escape character: \"  no-useless-escape

src\pages\AuditLogPage.jsx
  Line 80:11:  'fetchExportQuota' is assigned a value but never used  no-unused-vars
  Line 82:19:  'res' is assigned a value but never used               no-unused-vars
  Line 85:19:  'r' is assigned a value but never used                 no-unused-vars

Search for the keywords to learn more about each warning.
To ignore, add // eslint-disable-next-line to the line before.

[1m[33mWARNING[39m[22m in [1m[eslint] 
src\api\axios.js
  Line 137:32:  Unnecessary escape character: \"  no-useless-escape
  Line 137:41:  Unnecessary escape character: \"  no-useless-escape
  Line 137:46:  Unnecessary escape character: \"  no-useless-escape

src\pages\AuditLogPage.jsx
  Line 80:11:  'fetchExportQuota' is assigned a value but never used  no-unused-vars
  Line 82:19:  'res' is assigned a value but never used               no-unused-vars
  Line 85:19:  'r' is assigned a value but never used                 no-unused-vars

[39m[22m

webpack compiled with [1m[33m1 warning[39m[22m
Compiling...
Compiled with warnings.

[eslint] 
src\api\axios.js
  Line 137:32:  Unnecessary escape character: \"  no-useless-escape
  Line 137:41:  Unnecessary escape character: \"  no-useless-escape
  Line 137:46:  Unnecessary escape character: \"  no-useless-escape

src\pages\AuditLogPage.jsx
  Line 80:11:  'fetchExportQuota' is assigned a value but never used  no-unused-vars
  Line 82:19:  'res' is assigned a value but never used               no-unused-vars
  Line 85:19:  'r' is assigned a value but never used                 no-unused-vars

Search for the keywords to learn more about each warning.
To ignore, add // eslint-disable-next-line to the line before.

[1m[33mWARNING[39m[22m in [1m[eslint] 
src\api\axios.js
  Line 137:32:  Unnecessary escape character: \"  no-useless-escape
  Line 137:41:  Unnecessary escape character: \"  no-useless-escape
  Line 137:46:  Unnecessary escape character: \"  no-useless-escape

src\pages\AuditLogPage.jsx
  Line 80:11:  'fetchExportQuota' is assigned a value but never used  no-unused-vars
  Line 82:19:  'res' is assigned a value but never used               no-unused-vars
  Line 85:19:  'r' is assigned a value but never used                 no-unused-vars

[39m[22m

webpack compiled with [1m[33m1 warning[39m[22m
^C